<?xml version="1.0" encoding="UTF-8"?>
<!-- Generated by org.testng.reporters.JUnitReportReporter -->
<testsuite hostname="CLAP1925" failures="0" tests="1" name="VerifyingLogintestcase.VerifiyingOrangeHRMLogin" time="12.493" errors="0" timestamp="22 Jun 2022 10:45:35 GMT">
  <testcase classname="VerifyingLogintestcase.VerifiyingOrangeHRMLogin" name="verifyingvalidlogin" time="12.493"/>
</testsuite> <!-- VerifyingLogintestcase.VerifiyingOrangeHRMLogin -->
